<?xml version="1.0" encoding="UTF-8"?>
<!-- Generated by org.testng.reporters.JUnitXMLReporter -->
<testsuite ignored="2" hostname="Raunak" failures="0" tests="1" name="Default test" time="2.073" errors="0" timestamp="2023-10-22T12:59:06 IST">
  <testcase classname="RestAssuredPrograms.RestAssured_003" name="testMethod3" time="2.044"/>
  <testcase classname="RestAssuredPrograms.RestAssured_003" name="testMethod" time="0.0">
    <ignored/>
  </testcase> <!-- testMethod -->
  <testcase classname="RestAssuredPrograms.RestAssured_003" name="testMethod2" time="0.0">
    <ignored/>
  </testcase> <!-- testMethod2 -->
</testsuite> <!-- Default test -->
