<?xml version="1.0" encoding="UTF-8"?>
<!-- Generated by org.testng.reporters.JUnitXMLReporter -->
<testsuite ignored="5" hostname="Raunak" failures="1" tests="16" name="Test" time="1.108" errors="0" timestamp="2023-10-22T13:17:13 IST">
  <testcase classname="TestNG.ExampleClass1" name="testMethod12" time="0.005"/>
  <testcase classname="TestNG.ExampleClass1" name="testMethod13" time="0.005"/>
  <testcase classname="TestNG.ExampleClass1" name="testMethod14" time="0.001"/>
  <testcase classname="TestNG.ExampleClass4_DataProvider" name="testMethod17" time="0.002"/>
  <testcase classname="TestNG.ExampleCLass2_Enabled" name="testMethod22" time="0.001"/>
  <testcase classname="TestNG.ExampleClass4_DataProvider" name="testMethod17" time="0.001"/>
  <testcase classname="TestNG.ExampleCLass2_Enabled" name="testMethod23" time="0.001"/>
  <testcase classname="TestNG.ExampleClass4_DataProvider" name="testMethod17" time="0.001"/>
  <testcase classname="TestNG.ExampleCLass3_Exception" name="testMethod31" time="0.002"/>
  <testcase classname="TestNG.ExampleClass5_IncludeExclude" name="testMethod51" time="0.001"/>
  <testcase classname="TestNG.ExampleClass1" name="testMethod18" time="0.002"/>
  <testcase classname="TestNG.ExampleClass1" name="testMethod16" time="0.0"/>
  <testcase classname="TestNG.ExampleClass1" name="testMethod15" time="0.001"/>
  <testcase classname="TestNG.ExampleClass1" name="testMethod11" time="0.001"/>
  <testcase classname="TestNG.ExampleClass1" name="testMethod19" time="1.015">
    <failure type="org.testng.internal.thread.ThreadTimeoutException" message="Method TestNG.ExampleClass1.testMethod19() didn&amp;apos;t finish within the time-out 1000">
      <![CDATA[org.testng.internal.thread.ThreadTimeoutException: Method TestNG.ExampleClass1.testMethod19() didn't finish within the time-out 1000
at java.base/java.util.concurrent.ThreadPoolExecutor.runWorker(ThreadPoolExecutor.java:1130)
at java.base/java.util.concurrent.ThreadPoolExecutor$Worker.run(ThreadPoolExecutor.java:630)
at java.base/java.lang.Thread.run(Thread.java:832)
... Removed 9 stack frames]]>
    </failure>
  </testcase> <!-- testMethod19 -->
  <testcase classname="TestNG.ExampleClass1" name="testMethod17" time="0.0">
    <skipped/>
  </testcase> <!-- testMethod17 -->
  <testcase classname="TestNG.ExampleClass5_IncludeExclude" name="testMethod53" time="0.0">
    <ignored/>
  </testcase> <!-- testMethod53 -->
  <testcase classname="TestNG.ExampleClass5_IncludeExclude" name="testMethod52" time="0.0">
    <ignored/>
  </testcase> <!-- testMethod52 -->
  <testcase classname="TestNG.ExampleClass5_IncludeExclude" name="testMethod55" time="0.0">
    <ignored/>
  </testcase> <!-- testMethod55 -->
  <testcase classname="TestNG.ExampleClass5_IncludeExclude" name="testMethod54" time="0.0">
    <ignored/>
  </testcase> <!-- testMethod54 -->
  <testcase classname="TestNG.ExampleCLass2_Enabled" name="testMethod21" time="0.0">
    <ignored/>
  </testcase> <!-- testMethod21 -->
</testsuite> <!-- Test -->
