<?xml version="1.0" encoding="UTF-8"?>
<testng-results ignored="0" total="1" passed="1" failed="0" skipped="0">
  <reporter-output>
  </reporter-output>
  <suite started-at="2023-10-22T01:15:34 IST" name="Default suite" finished-at="2023-10-22T01:15:37 IST" duration-ms="2373">
    <groups>
    </groups>
    <test started-at="2023-10-22T01:15:34 IST" name="Default test" finished-at="2023-10-22T01:15:37 IST" duration-ms="2373">
      <class name="RestAssuredPrograms.RestAssured_002">
        <test-method signature="testMethod()[pri:0, instance:RestAssuredPrograms.RestAssured_002@40cb8df7]" started-at="2023-10-22T01:15:34 IST" name="testMethod" finished-at="2023-10-22T01:15:37 IST" duration-ms="2345" status="PASS">
          <reporter-output>
          </reporter-output>
        </test-method> <!-- testMethod -->
      </class> <!-- RestAssuredPrograms.RestAssured_002 -->
    </test> <!-- Default test -->
  </suite> <!-- Default suite -->
</testng-results>
